<?xml version="1.0" encoding="UTF-8"?>
<!-- Generated by org.testng.reporters.JUnitXMLReporter -->
<testsuite ignored="0" hostname="Muammer-MacBook-Pro.local" failures="0" tests="2" name="Default test" time="72.941" errors="0" timestamp="25 Mar 2018 19:38:56 GMT">
  <testcase classname="cucumber.api.testng.AbstractTestNGCucumberTests" name="runScenario" time="40.551"/>
  <testcase classname="cucumber.api.testng.AbstractTestNGCucumberTests" name="runScenario" time="32.033"/>
</testsuite> <!-- Default test -->
